[0.834s] Invoking command in '/home/myko/ros2_ws/src/my_py_pkg': DEBUGINFOD_URLS=https://debuginfod.ubuntu.com PYTHONPATH=/home/myko/ros2_ws/build/my_py_pkg/prefix_override:/usr/lib/python3/dist-packages/colcon_core/task/python/colcon_distutils_commands:/home/myko/ros2_ws/install/my_py_pkg/lib/python3.12/site-packages:${PYTHONPATH} /usr/bin/python3 -W ignore:setup.py install is deprecated -W ignore:easy_install command is deprecated setup.py egg_info --egg-base ../../build/my_py_pkg build --build-base /home/myko/ros2_ws/build/my_py_pkg/build install --record /home/myko/ros2_ws/build/my_py_pkg/install.log --single-version-externally-managed install_data
[1.028s] running egg_info
[1.030s] creating ../../build/my_py_pkg/my_py_pkg.egg-info
[1.044s] writing ../../build/my_py_pkg/my_py_pkg.egg-info/PKG-INFO
[1.044s] writing dependency_links to ../../build/my_py_pkg/my_py_pkg.egg-info/dependency_links.txt
[1.044s] writing entry points to ../../build/my_py_pkg/my_py_pkg.egg-info/entry_points.txt
[1.044s] writing requirements to ../../build/my_py_pkg/my_py_pkg.egg-info/requires.txt
[1.045s] writing top-level names to ../../build/my_py_pkg/my_py_pkg.egg-info/top_level.txt
[1.045s] writing manifest file '../../build/my_py_pkg/my_py_pkg.egg-info/SOURCES.txt'
[1.069s] reading manifest file '../../build/my_py_pkg/my_py_pkg.egg-info/SOURCES.txt'
[1.069s] writing manifest file '../../build/my_py_pkg/my_py_pkg.egg-info/SOURCES.txt'
[1.069s] running build
[1.070s] running build_py
[1.070s] creating /home/myko/ros2_ws/build/my_py_pkg/build
[1.070s] creating /home/myko/ros2_ws/build/my_py_pkg/build/lib
[1.070s] creating /home/myko/ros2_ws/build/my_py_pkg/build/lib/my_py_pkg
[1.070s] copying my_py_pkg/__init__.py -> /home/myko/ros2_ws/build/my_py_pkg/build/lib/my_py_pkg
[1.070s] copying my_py_pkg/my_first_node.py -> /home/myko/ros2_ws/build/my_py_pkg/build/lib/my_py_pkg
[1.071s] running install
[1.075s] running install_lib
[1.087s] creating /home/myko/ros2_ws/install/my_py_pkg/lib/python3.12/site-packages/my_py_pkg
[1.087s] copying /home/myko/ros2_ws/build/my_py_pkg/build/lib/my_py_pkg/__init__.py -> /home/myko/ros2_ws/install/my_py_pkg/lib/python3.12/site-packages/my_py_pkg
[1.087s] copying /home/myko/ros2_ws/build/my_py_pkg/build/lib/my_py_pkg/my_first_node.py -> /home/myko/ros2_ws/install/my_py_pkg/lib/python3.12/site-packages/my_py_pkg
[1.088s] byte-compiling /home/myko/ros2_ws/install/my_py_pkg/lib/python3.12/site-packages/my_py_pkg/__init__.py to __init__.cpython-312.pyc
[1.088s] byte-compiling /home/myko/ros2_ws/install/my_py_pkg/lib/python3.12/site-packages/my_py_pkg/my_first_node.py to my_first_node.cpython-312.pyc
[1.088s] running install_data
[1.088s] creating /home/myko/ros2_ws/install/my_py_pkg/share
[1.088s] creating /home/myko/ros2_ws/install/my_py_pkg/share/ament_index
[1.089s] creating /home/myko/ros2_ws/install/my_py_pkg/share/ament_index/resource_index
[1.089s] creating /home/myko/ros2_ws/install/my_py_pkg/share/ament_index/resource_index/packages
[1.089s] copying resource/my_py_pkg -> /home/myko/ros2_ws/install/my_py_pkg/share/ament_index/resource_index/packages
[1.089s] creating /home/myko/ros2_ws/install/my_py_pkg/share/my_py_pkg
[1.089s] copying package.xml -> /home/myko/ros2_ws/install/my_py_pkg/share/my_py_pkg
[1.090s] running install_egg_info
[1.102s] Copying ../../build/my_py_pkg/my_py_pkg.egg-info to /home/myko/ros2_ws/install/my_py_pkg/lib/python3.12/site-packages/my_py_pkg-0.0.0-py3.12.egg-info
[1.102s] running install_scripts
[1.199s] Installing py_node script to /home/myko/ros2_ws/install/my_py_pkg/lib/my_py_pkg
[1.199s] writing list of installed files to '/home/myko/ros2_ws/build/my_py_pkg/install.log'
[1.218s] Invoked command in '/home/myko/ros2_ws/src/my_py_pkg' returned '0': DEBUGINFOD_URLS=https://debuginfod.ubuntu.com PYTHONPATH=/home/myko/ros2_ws/build/my_py_pkg/prefix_override:/usr/lib/python3/dist-packages/colcon_core/task/python/colcon_distutils_commands:/home/myko/ros2_ws/install/my_py_pkg/lib/python3.12/site-packages:${PYTHONPATH} /usr/bin/python3 -W ignore:setup.py install is deprecated -W ignore:easy_install command is deprecated setup.py egg_info --egg-base ../../build/my_py_pkg build --build-base /home/myko/ros2_ws/build/my_py_pkg/build install --record /home/myko/ros2_ws/build/my_py_pkg/install.log --single-version-externally-managed install_data
