[0.672s] Invoking command in '/home/myko/ros2_ws/src/my_py_pkg': DEBUGINFOD_URLS=https://debuginfod.ubuntu.com PYTHONPATH=/home/myko/ros2_ws/build/my_py_pkg/prefix_override:/usr/lib/python3/dist-packages/colcon_core/task/python/colcon_distutils_commands:/home/myko/ros2_ws/install/my_py_pkg/lib/python3.12/site-packages:${PYTHONPATH} /usr/bin/python3 -W ignore:setup.py install is deprecated -W ignore:easy_install command is deprecated setup.py egg_info --egg-base ../../build/my_py_pkg build --build-base /home/myko/ros2_ws/build/my_py_pkg/build install --record /home/myko/ros2_ws/build/my_py_pkg/install.log --single-version-externally-managed install_data
[0.880s] running egg_info
[0.891s] writing ../../build/my_py_pkg/my_py_pkg.egg-info/PKG-INFO
[0.892s] writing dependency_links to ../../build/my_py_pkg/my_py_pkg.egg-info/dependency_links.txt
[0.892s] writing entry points to ../../build/my_py_pkg/my_py_pkg.egg-info/entry_points.txt
[0.892s] writing requirements to ../../build/my_py_pkg/my_py_pkg.egg-info/requires.txt
[0.893s] writing top-level names to ../../build/my_py_pkg/my_py_pkg.egg-info/top_level.txt
[0.926s] reading manifest file '../../build/my_py_pkg/my_py_pkg.egg-info/SOURCES.txt'
[0.927s] writing manifest file '../../build/my_py_pkg/my_py_pkg.egg-info/SOURCES.txt'
[0.928s] running build
[0.931s] running build_py
[0.931s] running install
[0.941s] running install_lib
[0.957s] running install_data
[0.957s] copying package.xml -> /home/myko/ros2_ws/install/my_py_pkg/share/my_py_pkg
[0.957s] running install_egg_info
[0.970s] removing '/home/myko/ros2_ws/install/my_py_pkg/lib/python3.12/site-packages/my_py_pkg-0.0.0-py3.12.egg-info' (and everything under it)
[0.973s] Copying ../../build/my_py_pkg/my_py_pkg.egg-info to /home/myko/ros2_ws/install/my_py_pkg/lib/python3.12/site-packages/my_py_pkg-0.0.0-py3.12.egg-info
[0.974s] running install_scripts
[1.095s] Installing py_node script to /home/myko/ros2_ws/install/my_py_pkg/lib/my_py_pkg
[1.096s] writing list of installed files to '/home/myko/ros2_ws/build/my_py_pkg/install.log'
[1.129s] Invoked command in '/home/myko/ros2_ws/src/my_py_pkg' returned '0': DEBUGINFOD_URLS=https://debuginfod.ubuntu.com PYTHONPATH=/home/myko/ros2_ws/build/my_py_pkg/prefix_override:/usr/lib/python3/dist-packages/colcon_core/task/python/colcon_distutils_commands:/home/myko/ros2_ws/install/my_py_pkg/lib/python3.12/site-packages:${PYTHONPATH} /usr/bin/python3 -W ignore:setup.py install is deprecated -W ignore:easy_install command is deprecated setup.py egg_info --egg-base ../../build/my_py_pkg build --build-base /home/myko/ros2_ws/build/my_py_pkg/build install --record /home/myko/ros2_ws/build/my_py_pkg/install.log --single-version-externally-managed install_data
