[0.668s] Invoking command in '/home/myko/ros2_ws/src/my_py_pkg': DEBUGINFOD_URLS=https://debuginfod.ubuntu.com PYTHONPATH=/home/myko/ros2_ws/build/my_py_pkg/prefix_override:/usr/lib/python3/dist-packages/colcon_core/task/python/colcon_distutils_commands:/home/myko/ros2_ws/install/my_py_pkg/lib/python3.12/site-packages:${PYTHONPATH} /usr/bin/python3 -W ignore:setup.py install is deprecated -W ignore:easy_install command is deprecated setup.py egg_info --egg-base ../../build/my_py_pkg build --build-base /home/myko/ros2_ws/build/my_py_pkg/build install --record /home/myko/ros2_ws/build/my_py_pkg/install.log --single-version-externally-managed install_data
[0.887s] running egg_info
[0.899s] writing ../../build/my_py_pkg/my_py_pkg.egg-info/PKG-INFO
[0.899s] writing dependency_links to ../../build/my_py_pkg/my_py_pkg.egg-info/dependency_links.txt
[0.899s] writing entry points to ../../build/my_py_pkg/my_py_pkg.egg-info/entry_points.txt
[0.900s] writing requirements to ../../build/my_py_pkg/my_py_pkg.egg-info/requires.txt
[0.900s] writing top-level names to ../../build/my_py_pkg/my_py_pkg.egg-info/top_level.txt
[0.936s] reading manifest file '../../build/my_py_pkg/my_py_pkg.egg-info/SOURCES.txt'
[0.938s] writing manifest file '../../build/my_py_pkg/my_py_pkg.egg-info/SOURCES.txt'
[0.938s] running build
[0.938s] running build_py
[0.938s] running install
[0.948s] running install_lib
[0.969s] running install_data
[0.969s] running install_egg_info
[0.984s] removing '/home/myko/ros2_ws/install/my_py_pkg/lib/python3.12/site-packages/my_py_pkg-0.0.0-py3.12.egg-info' (and everything under it)
[0.985s] Copying ../../build/my_py_pkg/my_py_pkg.egg-info to /home/myko/ros2_ws/install/my_py_pkg/lib/python3.12/site-packages/my_py_pkg-0.0.0-py3.12.egg-info
[0.985s] running install_scripts
[1.092s] Installing py_node script to /home/myko/ros2_ws/install/my_py_pkg/lib/my_py_pkg
[1.092s] writing list of installed files to '/home/myko/ros2_ws/build/my_py_pkg/install.log'
[1.110s] Invoked command in '/home/myko/ros2_ws/src/my_py_pkg' returned '0': DEBUGINFOD_URLS=https://debuginfod.ubuntu.com PYTHONPATH=/home/myko/ros2_ws/build/my_py_pkg/prefix_override:/usr/lib/python3/dist-packages/colcon_core/task/python/colcon_distutils_commands:/home/myko/ros2_ws/install/my_py_pkg/lib/python3.12/site-packages:${PYTHONPATH} /usr/bin/python3 -W ignore:setup.py install is deprecated -W ignore:easy_install command is deprecated setup.py egg_info --egg-base ../../build/my_py_pkg build --build-base /home/myko/ros2_ws/build/my_py_pkg/build install --record /home/myko/ros2_ws/build/my_py_pkg/install.log --single-version-externally-managed install_data
